2025-03-25 15:42:55.616: [INFO] VisibilityChanged: 0
2025-03-25 15:42:55.666: [INFO] RecordSyncInitDurationhas_sync_been_enabled: 0 state: 0
2025-03-25 15:42:55.667: [INFO] RecordSyncInitDurationhas_sync_been_enabled: 0 state: 0
2025-03-25 15:42:55.667: [INFO] RecordSyncInitDurationhas_sync_been_enabled: 0 state: 0
2025-03-25 15:42:55.667: [INFO] RecordSyncInitDurationhas_sync_been_enabled: 0 state: 0
2025-03-25 15:42:55.668: [INFO] RecordSyncInitDurationhas_sync_been_enabled: 0 state: 0
2025-03-25 15:42:55.668: [INFO] RecordSyncInitDurationhas_sync_been_enabled: 0 state: 0
2025-03-25 15:42:55.669: [INFO] RecordSyncInitDurationhas_sync_been_enabled: 0 state: 0
2025-03-25 15:42:55.669: [INFO] RecordSyncInitDurationhas_sync_been_enabled: 0 state: 0
2025-03-25 15:42:55.670: [INFO] RecordSyncInitDurationhas_sync_been_enabled: 0 state: 0
2025-03-25 15:42:55.671: [INFO] RecordSyncInitDurationhas_sync_been_enabled: 0 state: 0
2025-03-25 15:42:55.671: [INFO] RecordSyncInitDurationhas_sync_been_enabled: 0 state: 0
2025-03-25 15:42:55.684: [INFO] BookmarkModelLoaded, ids_reassigned: 0
2025-03-25 15:42:55.684: [INFO] OnDoneLoading sync enabled: 0
2025-03-25 15:42:55.786: [INFO] RecordSyncInitDurationhas_sync_been_enabled: 0 state: 0
2025-03-25 15:42:57.606: [INFO] RecordSyncInitDurationhas_sync_been_enabled: 0 state: 3
2025-03-25 15:42:57.610: [INFO] Primary account changed.
2025-03-25 15:42:57.610: [INFO] OnPrimaryAccountChangedPrimaryAccountChangeEvent::Type::kSet
2025-03-25 15:42:57.619: [INFO] RecordSyncInitDurationhas_sync_been_enabled: 0 state: 3
2025-03-25 15:42:57.765: [INFO] RecordSyncInitDurationhas_sync_been_enabled: 0 state: 3
2025-03-25 15:43:16.456: [INFO] BookmarkNodeAdded, ABU: 0
2025-03-25 15:43:16.456: [INFO] BookmarkNodeAdded, ABU: 0
2025-03-25 15:43:16.456: [INFO] BookmarkNodeAdded, ABU: 0
2025-03-25 15:43:16.456: [INFO] BookmarkNodeAdded, ABU: 0
