{"logTime": "0325/154309", "correlationVector":"3HJfy0hnoxN6qOuGI4VF9s.1","action":"SyncServerConnectionManagerRequest", "result":"SYNC_SERVER_OK", "context":{"environment":"Prod_southeastasia_prod-s01-065-apac-southeastasia", "migrationStage":"NotStarted", "server":"akswtt00600001z"}}
{"logTime": "0325/154309", "correlationVector":"3HJfy0hnoxN6qOuGI4VF9s.2","action":"ProcessGetUpdates", "result":"Done", "context":{"dataType":"Encryption Keys", "deleted":"0", "process_failed_to_decrypt":"0", "process_pending_decryption":"0", "process_success":"1", "total":"1"}}
{"logTime": "0325/154309", "correlationVector":"ON4OmXWnllVxjy4QqIZa+2","action":"SyncServerConnectionManagerRequest", "result":"SYNC_SERVER_OK", "context":{"environment":"", "migrationStage":"", "server":""}}
{"logTime": "0325/154309", "correlationVector":"ON4OmXWnllVxjy4QqIZa+2.0","action":"EncryptionKeysFetcher.DownloadKeys:", "result":"Success", "context":Key count: 5, Last key timestamp: 2024-10-03T00:00:42Z}
{"logTime": "0325/154309", "correlationVector":"ON4OmXWnllVxjy4QqIZa+2.1","action":"EncryptionKeysManager::SetEncryptionKeys:", "result":"Success", "context":Key names[5]:[z2c0JafgCkSW4FFDyOEBPV74AbNSCTdz4o3bWHocfm54742lcm7qub9Jpo6JaT8ohJbb1/0OQTKkYrNXemd/Og==][cRJuAqIDLZVVj1bNs+ClYj6X1ght5M1oXLqfqbj0dCkUgJLcasLedswUSa9AP9QnNrNMHjSKIE/JR6nNgh5CHQ==][oNkWVLOs4UXF27m1rcrizypf82n+/3/DTAtbBNR14nsB0bYb92nz5Fzgp5TX+4Z1RX8K7TUOhChtc/bv3a0pVw==][9MvifdgG8DfVIPxoEQcxeghf5B73FwKyJpmnbTNWMFAx6Sp5R+RUHpvsI8JA8HjUStB7IU4yE2OmeCbbXQmriw==][gP/hW2JXBAc3SDSGWp2CRMZqMhpLpoBpcyQ7kLtrWNbtq+sYK3TrmT0AHq/MmMb+08EzuxCqfVGNIoBQqsbRxA==]}
{"logTime": "0325/154309", "correlationVector":"ON4OmXWnllVxjy4QqIZa+2.2","action":"EncryptionKeysManager::SetEncryptionKeysWithTimestamps:", "result":"Success", "context":Key timestamps[5]:[2022-10-03T14:25:09Z][2023-04-03T01:21:52Z][2023-10-04T16:46:19Z][2024-04-02T14:50:20Z][2024-10-03T00:00:42Z]}
{"logTime": "0325/154309", "correlationVector":"3HJfy0hnoxN6qOuGI4VF9s","action":"Initial GetUpdates", "result":"", "context":Reason: NEW_CLIENT. cV=3HJfy0hnoxN6qOuGI4VF9s}
{"logTime": "0325/154309", "correlationVector":"3HJfy0hnoxN6qOuGI4VF9s.3","action":"GetUpdates Response", "result":"Success", "context":Received 1 update(s). cV=3HJfy0hnoxN6qOuGI4VF9s.0;server=akswtt00600001z;cloudType=Consumer;environment=Prod_southeastasia_prod-s01-065-apac-southeastasia;migrationStage=NotStarted}
{"logTime": "0325/154309", "correlationVector":"qXLX+Z0ua46SeC79MMxhvN","action":"Initial GetUpdates", "result":"", "context":Reason: NEWLY_SUPPORTED_DATATYPE. cV=qXLX+Z0ua46SeC79MMxhvN}
{"logTime": "0325/154315", "correlationVector":"qXLX+Z0ua46SeC79MMxhvN.1","action":"SyncServerConnectionManagerRequest", "result":"SYNC_SERVER_OK", "context":{"environment":"Prod_southeastasia_prod-s01-065-apac-southeastasia", "migrationStage":"NotStarted", "server":"akswtt00600002a"}}
{"logTime": "0325/154315", "correlationVector":"qXLX+Z0ua46SeC79MMxhvN.2","action":"ProcessGetUpdates", "result":"Done", "context":{"dataType":"Preferences", "deleted":"0", "process_failed_to_decrypt":"0", "process_pending_decryption":"0", "process_success":"78", "total":"78"}}
{"logTime": "0325/154315", "correlationVector":"qXLX+Z0ua46SeC79MMxhvN.3","action":"ProcessGetUpdates", "result":"Done", "context":{"dataType":"Passwords", "deleted":"1", "process_failed_to_decrypt":"0", "process_pending_decryption":"0", "process_success":"42", "total":"42"}}
{"logTime": "0325/154315", "correlationVector":"qXLX+Z0ua46SeC79MMxhvN.4","action":"ProcessGetUpdates", "result":"Done", "context":{"dataType":"Device Info", "deleted":"0", "process_failed_to_decrypt":"0", "process_pending_decryption":"0", "process_success":"17", "total":"17"}}
{"logTime": "0325/154315", "correlationVector":"qXLX+Z0ua46SeC79MMxhvN.5","action":"GetUpdates Response", "result":"Success", "context":Received 137 update(s). cV=qXLX+Z0ua46SeC79MMxhvN.0;server=akswtt00600002a;cloudType=Consumer;environment=Prod_southeastasia_prod-s01-065-apac-southeastasia;migrationStage=NotStarted}
{"logTime": "0325/154315", "correlationVector":"fiiGFruGiujQzu/9jC6cYK","action":"Initial GetUpdates", "result":"", "context":Reason: NEWLY_SUPPORTED_DATATYPE. cV=fiiGFruGiujQzu/9jC6cYK}
{"logTime": "0325/154316", "correlationVector":"fiiGFruGiujQzu/9jC6cYK.1","action":"SyncServerConnectionManagerRequest", "result":"SYNC_SERVER_OK", "context":{"environment":"Prod_southeastasia_prod-s01-065-apac-southeastasia", "migrationStage":"NotStarted", "server":"akswtt00600000z"}}
{"logTime": "0325/154316", "correlationVector":"fiiGFruGiujQzu/9jC6cYK.2","action":"ProcessGetUpdates", "result":"Done", "context":{"dataType":"Bookmarks", "deleted":"0", "process_failed_to_decrypt":"0", "process_pending_decryption":"0", "process_success":"9", "total":"9"}}
{"logTime": "0325/154316", "correlationVector":"fiiGFruGiujQzu/9jC6cYK.3","action":"GetUpdates Response", "result":"Success", "context":Received 9 update(s). cV=fiiGFruGiujQzu/9jC6cYK.0;server=akswtt00600000z;cloudType=Consumer;environment=Prod_southeastasia_prod-s01-065-apac-southeastasia;migrationStage=NotStarted}
{"logTime": "0325/154316", "correlationVector":"c5LxxFmfqMh1p5PUSdwiR+","action":"Initial GetUpdates", "result":"", "context":Reason: NEWLY_SUPPORTED_DATATYPE. cV=c5LxxFmfqMh1p5PUSdwiR+}
{"logTime": "0325/154318", "correlationVector":"c5LxxFmfqMh1p5PUSdwiR+.1","action":"SyncServerConnectionManagerRequest", "result":"SYNC_SERVER_OK", "context":{"environment":"Prod_southeastasia_prod-s01-065-apac-southeastasia", "migrationStage":"NotStarted", "server":"akswtt00600000i"}}
{"logTime": "0325/154318", "correlationVector":"c5LxxFmfqMh1p5PUSdwiR+.2","action":"ProcessGetUpdates", "result":"Done", "context":{"dataType":"Autofill Profiles", "deleted":"0", "process_failed_to_decrypt":"0", "process_pending_decryption":"0", "process_success":"39", "total":"39"}}
{"logTime": "0325/154318", "correlationVector":"c5LxxFmfqMh1p5PUSdwiR+.3","action":"ProcessGetUpdates", "result":"Done", "context":{"dataType":"Autofill", "deleted":"0", "process_failed_to_decrypt":"0", "process_pending_decryption":"0", "process_success":"162", "total":"162"}}
{"logTime": "0325/154318", "correlationVector":"c5LxxFmfqMh1p5PUSdwiR+.4","action":"ProcessGetUpdates", "result":"Done", "context":{"dataType":"Sessions", "deleted":"42", "process_failed_to_decrypt":"0", "process_pending_decryption":"0", "process_success":"42", "total":"42"}}
{"logTime": "0325/154318", "correlationVector":"c5LxxFmfqMh1p5PUSdwiR+.5","action":"ProcessGetUpdates", "result":"Done", "context":{"dataType":"Edge Hub App Usage", "deleted":"5", "process_failed_to_decrypt":"0", "process_pending_decryption":"0", "process_success":"7", "total":"7"}}
{"logTime": "0325/154318", "correlationVector":"c5LxxFmfqMh1p5PUSdwiR+.6","action":"GetUpdates Response", "result":"Success", "context":Received 250 update(s). cV=c5LxxFmfqMh1p5PUSdwiR+.0;server=akswtt00600000i;cloudType=Consumer;environment=Prod_southeastasia_prod-s01-065-apac-southeastasia;migrationStage=NotStarted Some updates remain.}
{"logTime": "0325/154318", "correlationVector":"l+fiira64W+H/ESGLz45gG","action":"Initial GetUpdates", "result":"", "context":Reason: NEWLY_SUPPORTED_DATATYPE. cV=l+fiira64W+H/ESGLz45gG}
{"logTime": "0325/154321", "correlationVector":"l+fiira64W+H/ESGLz45gG","action":"SyncServerConnectionManagerRequest", "result":"CONNECTION_UNAVAILABLE", "context":{"error_type":"net_error_code", "error_value":"-3"}}
